The system is: Linux - 4.15.0-101-generic - x86_64
Compiling the CUDA compiler identification source file "CMakeCUDACompilerId.cu" succeeded.
Compiler: /usr/local/cuda-10.0/bin/nvcc 
Build flags: 
Id flags:  -v;--keep;--keep-dir;tmp

The output was:
0
#$ _SPACE_= 
#$ _CUDART_=cudart
#$ _HERE_=/usr/local/cuda-10.0/bin
#$ _THERE_=/usr/local/cuda-10.0/bin
#$ _TARGET_SIZE_=
#$ _TARGET_DIR_=
#$ _TARGET_DIR_=targets/x86_64-linux
#$ TOP=/usr/local/cuda-10.0/bin/..
#$ NVVMIR_LIBRARY_DIR=/usr/local/cuda-10.0/bin/../nvvm/libdevice
#$ LD_LIBRARY_PATH=/usr/local/cuda-10.0/bin/../lib:/opt/ros/kinetic/lib:/opt/ros/kinetic/lib/x86_64-linux-gnu:/usr/local/cuda-10.0/lib64{LD_LIBRARY_PATH:+:}
#$ PATH=/usr/local/cuda-10.0/bin/../nvvm/bin:/usr/local/cuda-10.0/bin:/opt/ros/kinetic/bin:/home/snu/anaconda3/envs/snu_usr_env/bin:/home/snu/anaconda3/condabin:/usr/local/cuda-10.0/bin:/home/snu/bin:/home/snu/.local/bin:/usr/local/sbin:/usr/local/bin:/usr/sbin:/usr/bin:/sbin:/bin:/usr/games:/usr/local/games:/snap/bin
#$ INCLUDES="-I/usr/local/cuda-10.0/bin/../targets/x86_64-linux/include"  
#$ LIBRARIES=  "-L/usr/local/cuda-10.0/bin/../targets/x86_64-linux/lib/stubs" "-L/usr/local/cuda-10.0/bin/../targets/x86_64-linux/lib"
#$ CUDAFE_FLAGS=
#$ PTXAS_FLAGS=
#$ rm tmp/a_dlink.reg.c
#$ gcc -D__CUDA_ARCH__=300 -E -x c++  -DCUDA_DOUBLE_MATH_FUNCTIONS -D__CUDACC__ -D__NVCC__  "-I/usr/local/cuda-10.0/bin/../targets/x86_64-linux/include"    -D__CUDACC_VER_MAJOR__=10 -D__CUDACC_VER_MINOR__=0 -D__CUDACC_VER_BUILD__=130 -include "cuda_runtime.h" -m64 "CMakeCUDACompilerId.cu" > "tmp/CMakeCUDACompilerId.cpp1.ii" 
#$ cicc --gnu_version=50400 --allow_managed   -arch compute_30 -m64 -ftz=0 -prec_div=1 -prec_sqrt=1 -fmad=1 --include_file_name "CMakeCUDACompilerId.fatbin.c" -tused -nvvmir-library "/usr/local/cuda-10.0/bin/../nvvm/libdevice/libdevice.10.bc" --gen_module_id_file --module_id_file_name "tmp/CMakeCUDACompilerId.module_id" --orig_src_file_name "CMakeCUDACompilerId.cu" --gen_c_file_name "tmp/CMakeCUDACompilerId.cudafe1.c" --stub_file_name "tmp/CMakeCUDACompilerId.cudafe1.stub.c" --gen_device_file_name "tmp/CMakeCUDACompilerId.cudafe1.gpu"  "tmp/CMakeCUDACompilerId.cpp1.ii" -o "tmp/CMakeCUDACompilerId.ptx"
#$ ptxas -arch=sm_30 -m64  "tmp/CMakeCUDACompilerId.ptx"  -o "tmp/CMakeCUDACompilerId.sm_30.cubin" 
#$ fatbinary --create="tmp/CMakeCUDACompilerId.fatbin" -64 "--image=profile=sm_30,file=tmp/CMakeCUDACompilerId.sm_30.cubin" "--image=profile=compute_30,file=tmp/CMakeCUDACompilerId.ptx" --embedded-fatbin="tmp/CMakeCUDACompilerId.fatbin.c" --cuda
#$ gcc -E -x c++ -D__CUDACC__ -D__NVCC__  "-I/usr/local/cuda-10.0/bin/../targets/x86_64-linux/include"    -D__CUDACC_VER_MAJOR__=10 -D__CUDACC_VER_MINOR__=0 -D__CUDACC_VER_BUILD__=130 -include "cuda_runtime.h" -m64 "CMakeCUDACompilerId.cu" > "tmp/CMakeCUDACompilerId.cpp4.ii" 
#$ cudafe++ --gnu_version=50400 --allow_managed  --m64 --parse_templates --gen_c_file_name "tmp/CMakeCUDACompilerId.cudafe1.cpp" --stub_file_name "CMakeCUDACompilerId.cudafe1.stub.c" --module_id_file_name "tmp/CMakeCUDACompilerId.module_id" "tmp/CMakeCUDACompilerId.cpp4.ii" 
#$ gcc -D__CUDA_ARCH__=300 -c -x c++  -DCUDA_DOUBLE_MATH_FUNCTIONS "-I/usr/local/cuda-10.0/bin/../targets/x86_64-linux/include"   -m64 -o "tmp/CMakeCUDACompilerId.o" "tmp/CMakeCUDACompilerId.cudafe1.cpp" 
#$ nvlink --arch=sm_30 --register-link-binaries="tmp/a_dlink.reg.c"  -m64   "-L/usr/local/cuda-10.0/bin/../targets/x86_64-linux/lib/stubs" "-L/usr/local/cuda-10.0/bin/../targets/x86_64-linux/lib" -cpu-arch=X86_64 "tmp/CMakeCUDACompilerId.o"  -o "tmp/a_dlink.sm_30.cubin"
#$ fatbinary --create="tmp/a_dlink.fatbin" -64 -link "--image=profile=sm_30,file=tmp/a_dlink.sm_30.cubin" --embedded-fatbin="tmp/a_dlink.fatbin.c" 
#$ gcc -c -x c++ -DFATBINFILE="\"tmp/a_dlink.fatbin.c\"" -DREGISTERLINKBINARYFILE="\"tmp/a_dlink.reg.c\"" -I. -D__NV_EXTRA_INITIALIZATION= -D__NV_EXTRA_FINALIZATION= -D__CUDA_INCLUDE_COMPILER_INTERNAL_HEADERS__  "-I/usr/local/cuda-10.0/bin/../targets/x86_64-linux/include"    -D__CUDACC_VER_MAJOR__=10 -D__CUDACC_VER_MINOR__=0 -D__CUDACC_VER_BUILD__=130 -m64 -o "tmp/a_dlink.o" "/usr/local/cuda-10.0/bin/crt/link.stub" 
#$ g++ -m64 -o "a.out" -Wl,--start-group "tmp/a_dlink.o" "tmp/CMakeCUDACompilerId.o"   "-L/usr/local/cuda-10.0/bin/../targets/x86_64-linux/lib/stubs" "-L/usr/local/cuda-10.0/bin/../targets/x86_64-linux/lib" -lcudadevrt  -lcudart_static  -lrt -lpthread  -ldl  -Wl,--end-group 


Compilation of the CUDA compiler identification source "CMakeCUDACompilerId.cu" produced "a.out"

The CUDA compiler identification is NVIDIA, found in "/home/sourcecodes/SNU_USR_dev/src/snu_module/scripts4/detection_lib/darknet/build_release/CMakeFiles/CheckCUDA/CMakeFiles/3.12.0/CompilerIdCUDA/a.out"

Parsed CUDA nvcc implicit link information from above output:
  found 'PATH=' string: [/usr/local/cuda-10.0/bin/../nvvm/bin:/usr/local/cuda-10.0/bin:/opt/ros/kinetic/bin:/home/snu/anaconda3/envs/snu_usr_env/bin:/home/snu/anaconda3/condabin:/usr/local/cuda-10.0/bin:/home/snu/bin:/home/snu/.local/bin:/usr/local/sbin:/usr/local/bin:/usr/sbin:/usr/bin:/sbin:/bin:/usr/games:/usr/local/games:/snap/bin]
  found 'LIBRARIES=' string: ["-L/usr/local/cuda-10.0/bin/../targets/x86_64-linux/lib/stubs" "-L/usr/local/cuda-10.0/bin/../targets/x86_64-linux/lib"]
  considering line: [#$ rm tmp/a_dlink.reg.c]
  considering line: [gcc -D__CUDA_ARCH__=300 -E -x c++  -DCUDA_DOUBLE_MATH_FUNCTIONS -D__CUDACC__ -D__NVCC__  "-I/usr/local/cuda-10.0/bin/../targets/x86_64-linux/include"    -D__CUDACC_VER_MAJOR__=10 -D__CUDACC_VER_MINOR__=0 -D__CUDACC_VER_BUILD__=130 -include "cuda_runtime.h" -m64 "CMakeCUDACompilerId.cu" > "tmp/CMakeCUDACompilerId.cpp1.ii" ]
  considering line: [cicc --gnu_version=50400 --allow_managed   -arch compute_30 -m64 -ftz=0 -prec_div=1 -prec_sqrt=1 -fmad=1 --include_file_name "CMakeCUDACompilerId.fatbin.c" -tused -nvvmir-library "/usr/local/cuda-10.0/bin/../nvvm/libdevice/libdevice.10.bc" --gen_module_id_file --module_id_file_name "tmp/CMakeCUDACompilerId.module_id" --orig_src_file_name "CMakeCUDACompilerId.cu" --gen_c_file_name "tmp/CMakeCUDACompilerId.cudafe1.c" --stub_file_name "tmp/CMakeCUDACompilerId.cudafe1.stub.c" --gen_device_file_name "tmp/CMakeCUDACompilerId.cudafe1.gpu"  "tmp/CMakeCUDACompilerId.cpp1.ii" -o "tmp/CMakeCUDACompilerId.ptx"]
  considering line: [ptxas -arch=sm_30 -m64  "tmp/CMakeCUDACompilerId.ptx"  -o "tmp/CMakeCUDACompilerId.sm_30.cubin" ]
  considering line: [fatbinary --create="tmp/CMakeCUDACompilerId.fatbin" -64 "--image=profile=sm_30,file=tmp/CMakeCUDACompilerId.sm_30.cubin" "--image=profile=compute_30,file=tmp/CMakeCUDACompilerId.ptx" --embedded-fatbin="tmp/CMakeCUDACompilerId.fatbin.c" --cuda]
  considering line: [gcc -E -x c++ -D__CUDACC__ -D__NVCC__  "-I/usr/local/cuda-10.0/bin/../targets/x86_64-linux/include"    -D__CUDACC_VER_MAJOR__=10 -D__CUDACC_VER_MINOR__=0 -D__CUDACC_VER_BUILD__=130 -include "cuda_runtime.h" -m64 "CMakeCUDACompilerId.cu" > "tmp/CMakeCUDACompilerId.cpp4.ii" ]
  considering line: [cudafe++ --gnu_version=50400 --allow_managed  --m64 --parse_templates --gen_c_file_name "tmp/CMakeCUDACompilerId.cudafe1.cpp" --stub_file_name "CMakeCUDACompilerId.cudafe1.stub.c" --module_id_file_name "tmp/CMakeCUDACompilerId.module_id" "tmp/CMakeCUDACompilerId.cpp4.ii" ]
  considering line: [gcc -D__CUDA_ARCH__=300 -c -x c++  -DCUDA_DOUBLE_MATH_FUNCTIONS "-I/usr/local/cuda-10.0/bin/../targets/x86_64-linux/include"   -m64 -o "tmp/CMakeCUDACompilerId.o" "tmp/CMakeCUDACompilerId.cudafe1.cpp" ]
  considering line: [nvlink --arch=sm_30 --register-link-binaries="tmp/a_dlink.reg.c"  -m64   "-L/usr/local/cuda-10.0/bin/../targets/x86_64-linux/lib/stubs" "-L/usr/local/cuda-10.0/bin/../targets/x86_64-linux/lib" -cpu-arch=X86_64 "tmp/CMakeCUDACompilerId.o"  -o "tmp/a_dlink.sm_30.cubin"]
    ignoring nvlink line
  considering line: [fatbinary --create="tmp/a_dlink.fatbin" -64 -link "--image=profile=sm_30,file=tmp/a_dlink.sm_30.cubin" --embedded-fatbin="tmp/a_dlink.fatbin.c" ]
  considering line: [gcc -c -x c++ -DFATBINFILE="\"tmp/a_dlink.fatbin.c\"" -DREGISTERLINKBINARYFILE="\"tmp/a_dlink.reg.c\"" -I. -D__NV_EXTRA_INITIALIZATION= -D__NV_EXTRA_FINALIZATION= -D__CUDA_INCLUDE_COMPILER_INTERNAL_HEADERS__  "-I/usr/local/cuda-10.0/bin/../targets/x86_64-linux/include"    -D__CUDACC_VER_MAJOR__=10 -D__CUDACC_VER_MINOR__=0 -D__CUDACC_VER_BUILD__=130 -m64 -o "tmp/a_dlink.o" "/usr/local/cuda-10.0/bin/crt/link.stub" ]
  considering line: [g++ -m64 -o "a.out" -Wl,--start-group "tmp/a_dlink.o" "tmp/CMakeCUDACompilerId.o"   "-L/usr/local/cuda-10.0/bin/../targets/x86_64-linux/lib/stubs" "-L/usr/local/cuda-10.0/bin/../targets/x86_64-linux/lib" -lcudadevrt  -lcudart_static  -lrt -lpthread  -ldl  -Wl,--end-group ]
    extracted link line: [g++ -m64 -o "a.out" -Wl,--start-group "tmp/a_dlink.o" "tmp/CMakeCUDACompilerId.o"   "-L/usr/local/cuda-10.0/bin/../targets/x86_64-linux/lib/stubs" "-L/usr/local/cuda-10.0/bin/../targets/x86_64-linux/lib" -lcudadevrt  -lcudart_static  -lrt -lpthread  -ldl  -Wl,--end-group ]
  considering line: []
  extracted link launcher name: [g++]
  found link launcher absolute path: [/usr/bin/g++]

  link line regex: [^( *|.*[/\])(ld|CMAKE_LINK_STARTFILE-NOTFOUND|([^/\]+-)?ld|collect2)[^/\]*( |$)]
  link line: [cuda-fake-ld g++ -m64 -o "a.out" -Wl,--start-group "tmp/a_dlink.o" "tmp/CMakeCUDACompilerId.o"   "-L/usr/local/cuda-10.0/bin/../targets/x86_64-linux/lib/stubs" "-L/usr/local/cuda-10.0/bin/../targets/x86_64-linux/lib" -lcudadevrt  -lcudart_static  -lrt -lpthread  -ldl  -Wl,--end-group ]
    arg [cuda-fake-ld] ==> ignore
    arg [g++] ==> ignore
    arg [-m64] ==> ignore
    arg [-o] ==> ignore
    arg [a.out] ==> ignore
    arg [-Wl,--start-group] ==> ignore
    arg [tmp/a_dlink.o] ==> ignore
    arg [tmp/CMakeCUDACompilerId.o] ==> ignore
    arg [-L/usr/local/cuda-10.0/bin/../targets/x86_64-linux/lib/stubs] ==> dir [/usr/local/cuda-10.0/bin/../targets/x86_64-linux/lib/stubs]
    arg [-L/usr/local/cuda-10.0/bin/../targets/x86_64-linux/lib] ==> dir [/usr/local/cuda-10.0/bin/../targets/x86_64-linux/lib]
    arg [-lcudadevrt] ==> lib [cudadevrt]
    arg [-lcudart_static] ==> lib [cudart_static]
    arg [-lrt] ==> lib [rt]
    arg [-lpthread] ==> lib [pthread]
    arg [-ldl] ==> lib [dl]
    arg [-Wl,--end-group] ==> ignore
  collapse library dir [/usr/local/cuda-10.0/bin/../targets/x86_64-linux/lib/stubs] ==> [/usr/local/cuda-10.0/targets/x86_64-linux/lib/stubs]
  collapse library dir [/usr/local/cuda-10.0/bin/../targets/x86_64-linux/lib] ==> [/usr/local/cuda-10.0/targets/x86_64-linux/lib]
  implicit libs: [cudadevrt;cudart_static;rt;pthread;dl]
  implicit dirs: [/usr/local/cuda-10.0/targets/x86_64-linux/lib/stubs;/usr/local/cuda-10.0/targets/x86_64-linux/lib]
  implicit fwks: []


Parsed CUDA nvcc include information from above output:
  found 'PATH=' string: [/usr/local/cuda-10.0/bin/../nvvm/bin:/usr/local/cuda-10.0/bin:/opt/ros/kinetic/bin:/home/snu/anaconda3/envs/snu_usr_env/bin:/home/snu/anaconda3/condabin:/usr/local/cuda-10.0/bin:/home/snu/bin:/home/snu/.local/bin:/usr/local/sbin:/usr/local/bin:/usr/sbin:/usr/bin:/sbin:/bin:/usr/games:/usr/local/games:/snap/bin]
  found 'LIBRARIES=' string: ["-L/usr/local/cuda-10.0/bin/../targets/x86_64-linux/lib/stubs" "-L/usr/local/cuda-10.0/bin/../targets/x86_64-linux/lib"]
  considering line: [#$ rm tmp/a_dlink.reg.c]
  considering line: [gcc -D__CUDA_ARCH__=300 -E -x c++  -DCUDA_DOUBLE_MATH_FUNCTIONS -D__CUDACC__ -D__NVCC__  "-I/usr/local/cuda-10.0/bin/../targets/x86_64-linux/include"    -D__CUDACC_VER_MAJOR__=10 -D__CUDACC_VER_MINOR__=0 -D__CUDACC_VER_BUILD__=130 -include "cuda_runtime.h" -m64 "CMakeCUDACompilerId.cu" > "tmp/CMakeCUDACompilerId.cpp1.ii" ]
  considering line: [cicc --gnu_version=50400 --allow_managed   -arch compute_30 -m64 -ftz=0 -prec_div=1 -prec_sqrt=1 -fmad=1 --include_file_name "CMakeCUDACompilerId.fatbin.c" -tused -nvvmir-library "/usr/local/cuda-10.0/bin/../nvvm/libdevice/libdevice.10.bc" --gen_module_id_file --module_id_file_name "tmp/CMakeCUDACompilerId.module_id" --orig_src_file_name "CMakeCUDACompilerId.cu" --gen_c_file_name "tmp/CMakeCUDACompilerId.cudafe1.c" --stub_file_name "tmp/CMakeCUDACompilerId.cudafe1.stub.c" --gen_device_file_name "tmp/CMakeCUDACompilerId.cudafe1.gpu"  "tmp/CMakeCUDACompilerId.cpp1.ii" -o "tmp/CMakeCUDACompilerId.ptx"]
  considering line: [ptxas -arch=sm_30 -m64  "tmp/CMakeCUDACompilerId.ptx"  -o "tmp/CMakeCUDACompilerId.sm_30.cubin" ]
  considering line: [fatbinary --create="tmp/CMakeCUDACompilerId.fatbin" -64 "--image=profile=sm_30,file=tmp/CMakeCUDACompilerId.sm_30.cubin" "--image=profile=compute_30,file=tmp/CMakeCUDACompilerId.ptx" --embedded-fatbin="tmp/CMakeCUDACompilerId.fatbin.c" --cuda]
  considering line: [gcc -E -x c++ -D__CUDACC__ -D__NVCC__  "-I/usr/local/cuda-10.0/bin/../targets/x86_64-linux/include"    -D__CUDACC_VER_MAJOR__=10 -D__CUDACC_VER_MINOR__=0 -D__CUDACC_VER_BUILD__=130 -include "cuda_runtime.h" -m64 "CMakeCUDACompilerId.cu" > "tmp/CMakeCUDACompilerId.cpp4.ii" ]
  considering line: [cudafe++ --gnu_version=50400 --allow_managed  --m64 --parse_templates --gen_c_file_name "tmp/CMakeCUDACompilerId.cudafe1.cpp" --stub_file_name "CMakeCUDACompilerId.cudafe1.stub.c" --module_id_file_name "tmp/CMakeCUDACompilerId.module_id" "tmp/CMakeCUDACompilerId.cpp4.ii" ]
  considering line: [gcc -D__CUDA_ARCH__=300 -c -x c++  -DCUDA_DOUBLE_MATH_FUNCTIONS "-I/usr/local/cuda-10.0/bin/../targets/x86_64-linux/include"   -m64 -o "tmp/CMakeCUDACompilerId.o" "tmp/CMakeCUDACompilerId.cudafe1.cpp" ]
  considering line: [nvlink --arch=sm_30 --register-link-binaries="tmp/a_dlink.reg.c"  -m64   "-L/usr/local/cuda-10.0/bin/../targets/x86_64-linux/lib/stubs" "-L/usr/local/cuda-10.0/bin/../targets/x86_64-linux/lib" -cpu-arch=X86_64 "tmp/CMakeCUDACompilerId.o"  -o "tmp/a_dlink.sm_30.cubin"]
    ignoring nvlink line
  considering line: [fatbinary --create="tmp/a_dlink.fatbin" -64 -link "--image=profile=sm_30,file=tmp/a_dlink.sm_30.cubin" --embedded-fatbin="tmp/a_dlink.fatbin.c" ]
  considering line: [gcc -c -x c++ -DFATBINFILE="\"tmp/a_dlink.fatbin.c\"" -DREGISTERLINKBINARYFILE="\"tmp/a_dlink.reg.c\"" -I. -D__NV_EXTRA_INITIALIZATION= -D__NV_EXTRA_FINALIZATION= -D__CUDA_INCLUDE_COMPILER_INTERNAL_HEADERS__  "-I/usr/local/cuda-10.0/bin/../targets/x86_64-linux/include"    -D__CUDACC_VER_MAJOR__=10 -D__CUDACC_VER_MINOR__=0 -D__CUDACC_VER_BUILD__=130 -m64 -o "tmp/a_dlink.o" "/usr/local/cuda-10.0/bin/crt/link.stub" ]
  considering line: [g++ -m64 -o "a.out" -Wl,--start-group "tmp/a_dlink.o" "tmp/CMakeCUDACompilerId.o"   "-L/usr/local/cuda-10.0/bin/../targets/x86_64-linux/lib/stubs" "-L/usr/local/cuda-10.0/bin/../targets/x86_64-linux/lib" -lcudadevrt  -lcudart_static  -lrt -lpthread  -ldl  -Wl,--end-group ]
    extracted link line: [g++ -m64 -o "a.out" -Wl,--start-group "tmp/a_dlink.o" "tmp/CMakeCUDACompilerId.o"   "-L/usr/local/cuda-10.0/bin/../targets/x86_64-linux/lib/stubs" "-L/usr/local/cuda-10.0/bin/../targets/x86_64-linux/lib" -lcudadevrt  -lcudart_static  -lrt -lpthread  -ldl  -Wl,--end-group ]
  considering line: []
  extracted link launcher name: [g++]
  found link launcher absolute path: [/usr/bin/g++]
  found 'INCLUDES=' string: ["-I/usr/local/cuda-10.0/bin/../targets/x86_64-linux/include"  ]

  link line regex: [^( *|.*[/\])(ld|CMAKE_LINK_STARTFILE-NOTFOUND|([^/\]+-)?ld|collect2)[^/\]*( |$)]
  link line: [cuda-fake-ld g++ -m64 -o "a.out" -Wl,--start-group "tmp/a_dlink.o" "tmp/CMakeCUDACompilerId.o"   "-L/usr/local/cuda-10.0/bin/../targets/x86_64-linux/lib/stubs" "-L/usr/local/cuda-10.0/bin/../targets/x86_64-linux/lib" -lcudadevrt  -lcudart_static  -lrt -lpthread  -ldl  -Wl,--end-group ]
    arg [cuda-fake-ld] ==> ignore
    arg [g++] ==> ignore
    arg [-m64] ==> ignore
    arg [-o] ==> ignore
    arg [a.out] ==> ignore
    arg [-Wl,--start-group] ==> ignore
    arg [tmp/a_dlink.o] ==> ignore
    arg [tmp/CMakeCUDACompilerId.o] ==> ignore
    arg [-L/usr/local/cuda-10.0/bin/../targets/x86_64-linux/lib/stubs] ==> dir [/usr/local/cuda-10.0/bin/../targets/x86_64-linux/lib/stubs]
    arg [-L/usr/local/cuda-10.0/bin/../targets/x86_64-linux/lib] ==> dir [/usr/local/cuda-10.0/bin/../targets/x86_64-linux/lib]
    arg [-lcudadevrt] ==> lib [cudadevrt]
    arg [-lcudart_static] ==> lib [cudart_static]
    arg [-lrt] ==> lib [rt]
    arg [-lpthread] ==> lib [pthread]
    arg [-ldl] ==> lib [dl]
    arg [-Wl,--end-group] ==> ignore
  collapse library dir [/usr/local/cuda-10.0/bin/../targets/x86_64-linux/lib/stubs] ==> [/usr/local/cuda-10.0/targets/x86_64-linux/lib/stubs]
  collapse library dir [/usr/local/cuda-10.0/bin/../targets/x86_64-linux/lib] ==> [/usr/local/cuda-10.0/targets/x86_64-linux/lib]
  implicit libs: [cudadevrt;cudart_static;rt;pthread;dl]
  implicit dirs: [/usr/local/cuda-10.0/targets/x86_64-linux/lib/stubs;/usr/local/cuda-10.0/targets/x86_64-linux/lib]
  implicit fwks: []


Determining if the CUDA compiler works passed with the following output:
Change Dir: /home/sourcecodes/SNU_USR_dev/src/snu_module/scripts4/detection_lib/darknet/build_release/CMakeFiles/CheckCUDA/CMakeFiles/CMakeTmp

Run Build Command:"/usr/bin/make" "cmTC_66d20/fast"
/usr/bin/make -f CMakeFiles/cmTC_66d20.dir/build.make CMakeFiles/cmTC_66d20.dir/build
make[1]: Entering directory '/home/sourcecodes/SNU_USR_dev/src/snu_module/scripts4/detection_lib/darknet/build_release/CMakeFiles/CheckCUDA/CMakeFiles/CMakeTmp'
Building CUDA object CMakeFiles/cmTC_66d20.dir/main.cu.o
/usr/local/cuda-10.0/bin/nvcc     -x cu -c /home/sourcecodes/SNU_USR_dev/src/snu_module/scripts4/detection_lib/darknet/build_release/CMakeFiles/CheckCUDA/CMakeFiles/CMakeTmp/main.cu -o CMakeFiles/cmTC_66d20.dir/main.cu.o
Linking CUDA device code CMakeFiles/cmTC_66d20.dir/cmake_device_link.o
/usr/local/bin/cmake -E cmake_link_script CMakeFiles/cmTC_66d20.dir/dlink.txt --verbose=1
/usr/local/cuda-10.0/bin/nvcc    -Xcompiler=-fPIC -Wno-deprecated-gpu-targets -shared -dlink CMakeFiles/cmTC_66d20.dir/main.cu.o -o CMakeFiles/cmTC_66d20.dir/cmake_device_link.o 
Linking CUDA executable cmTC_66d20
/usr/local/bin/cmake -E cmake_link_script CMakeFiles/cmTC_66d20.dir/link.txt --verbose=1
/usr/bin/g++   CMakeFiles/cmTC_66d20.dir/main.cu.o CMakeFiles/cmTC_66d20.dir/cmake_device_link.o -o cmTC_66d20  -L"/usr/local/cuda-10.0/targets/x86_64-linux/lib/stubs" -L"/usr/local/cuda-10.0/targets/x86_64-linux/lib" -lcudadevrt -lcudart_static -lrt -lpthread -ldl
make[1]: Leaving directory '/home/sourcecodes/SNU_USR_dev/src/snu_module/scripts4/detection_lib/darknet/build_release/CMakeFiles/CheckCUDA/CMakeFiles/CMakeTmp'


Detecting CUDA compiler ABI info compiled with the following output:
Change Dir: /home/sourcecodes/SNU_USR_dev/src/snu_module/scripts4/detection_lib/darknet/build_release/CMakeFiles/CheckCUDA/CMakeFiles/CMakeTmp

Run Build Command:"/usr/bin/make" "cmTC_bf023/fast"
/usr/bin/make -f CMakeFiles/cmTC_bf023.dir/build.make CMakeFiles/cmTC_bf023.dir/build
make[1]: Entering directory '/home/sourcecodes/SNU_USR_dev/src/snu_module/scripts4/detection_lib/darknet/build_release/CMakeFiles/CheckCUDA/CMakeFiles/CMakeTmp'
Building CUDA object CMakeFiles/cmTC_bf023.dir/CMakeCUDACompilerABI.cu.o
/usr/local/cuda-10.0/bin/nvcc     -x cu -c /usr/local/share/cmake-3.12/Modules/CMakeCUDACompilerABI.cu -o CMakeFiles/cmTC_bf023.dir/CMakeCUDACompilerABI.cu.o
Linking CUDA device code CMakeFiles/cmTC_bf023.dir/cmake_device_link.o
/usr/local/bin/cmake -E cmake_link_script CMakeFiles/cmTC_bf023.dir/dlink.txt --verbose=1
/usr/local/cuda-10.0/bin/nvcc    -Xcompiler=-fPIC -Wno-deprecated-gpu-targets -shared -dlink CMakeFiles/cmTC_bf023.dir/CMakeCUDACompilerABI.cu.o -o CMakeFiles/cmTC_bf023.dir/cmake_device_link.o 
Linking CUDA executable cmTC_bf023
/usr/local/bin/cmake -E cmake_link_script CMakeFiles/cmTC_bf023.dir/link.txt --verbose=1
/usr/bin/g++  -v CMakeFiles/cmTC_bf023.dir/CMakeCUDACompilerABI.cu.o CMakeFiles/cmTC_bf023.dir/cmake_device_link.o -o cmTC_bf023  -L"/usr/local/cuda-10.0/targets/x86_64-linux/lib/stubs" -L"/usr/local/cuda-10.0/targets/x86_64-linux/lib" -lcudadevrt -lcudart_static -lrt -lpthread -ldl
Using built-in specs.
COLLECT_GCC=/usr/bin/g++
COLLECT_LTO_WRAPPER=/usr/lib/gcc/x86_64-linux-gnu/5/lto-wrapper
Target: x86_64-linux-gnu
Configured with: ../src/configure -v --with-pkgversion='Ubuntu 5.4.0-6ubuntu1~16.04.12' --with-bugurl=file:///usr/share/doc/gcc-5/README.Bugs --enable-languages=c,ada,c++,java,go,d,fortran,objc,obj-c++ --prefix=/usr --program-suffix=-5 --enable-shared --enable-linker-build-id --libexecdir=/usr/lib --without-included-gettext --enable-threads=posix --libdir=/usr/lib --enable-nls --with-sysroot=/ --enable-clocale=gnu --enable-libstdcxx-debug --enable-libstdcxx-time=yes --with-default-libstdcxx-abi=new --enable-gnu-unique-object --disable-vtable-verify --enable-libmpx --enable-plugin --with-system-zlib --disable-browser-plugin --enable-java-awt=gtk --enable-gtk-cairo --with-java-home=/usr/lib/jvm/java-1.5.0-gcj-5-amd64/jre --enable-java-home --with-jvm-root-dir=/usr/lib/jvm/java-1.5.0-gcj-5-amd64 --with-jvm-jar-dir=/usr/lib/jvm-exports/java-1.5.0-gcj-5-amd64 --with-arch-directory=amd64 --with-ecj-jar=/usr/share/java/eclipse-ecj.jar --enable-objc-gc --enable-multiarch --disable-werror --with-arch-32=i686 --with-abi=m64 --with-multilib-list=m32,m64,mx32 --enable-multilib --with-tune=generic --enable-checking=release --build=x86_64-linux-gnu --host=x86_64-linux-gnu --target=x86_64-linux-gnu
Thread model: posix
gcc version 5.4.0 20160609 (Ubuntu 5.4.0-6ubuntu1~16.04.12) 
COMPILER_PATH=/usr/lib/gcc/x86_64-linux-gnu/5/:/usr/lib/gcc/x86_64-linux-gnu/5/:/usr/lib/gcc/x86_64-linux-gnu/:/usr/lib/gcc/x86_64-linux-gnu/5/:/usr/lib/gcc/x86_64-linux-gnu/
LIBRARY_PATH=/usr/lib/gcc/x86_64-linux-gnu/5/:/usr/lib/gcc/x86_64-linux-gnu/5/../../../x86_64-linux-gnu/:/usr/lib/gcc/x86_64-linux-gnu/5/../../../../lib/:/lib/x86_64-linux-gnu/:/lib/../lib/:/usr/lib/x86_64-linux-gnu/:/usr/lib/../lib/:/usr/lib/gcc/x86_64-linux-gnu/5/../../../:/lib/:/usr/lib/
COLLECT_GCC_OPTIONS='-v' '-o' 'cmTC_bf023' '-L/usr/local/cuda-10.0/targets/x86_64-linux/lib/stubs' '-L/usr/local/cuda-10.0/targets/x86_64-linux/lib' '-shared-libgcc' '-mtune=generic' '-march=x86-64'
 /usr/lib/gcc/x86_64-linux-gnu/5/collect2 -plugin /usr/lib/gcc/x86_64-linux-gnu/5/liblto_plugin.so -plugin-opt=/usr/lib/gcc/x86_64-linux-gnu/5/lto-wrapper -plugin-opt=-fresolution=/tmp/ccsHXgrO.res -plugin-opt=-pass-through=-lgcc_s -plugin-opt=-pass-through=-lgcc -plugin-opt=-pass-through=-lc -plugin-opt=-pass-through=-lgcc_s -plugin-opt=-pass-through=-lgcc --sysroot=/ --build-id --eh-frame-hdr -m elf_x86_64 --hash-style=gnu --as-needed -dynamic-linker /lib64/ld-linux-x86-64.so.2 -z relro -o cmTC_bf023 /usr/lib/gcc/x86_64-linux-gnu/5/../../../x86_64-linux-gnu/crt1.o /usr/lib/gcc/x86_64-linux-gnu/5/../../../x86_64-linux-gnu/crti.o /usr/lib/gcc/x86_64-linux-gnu/5/crtbegin.o -L/usr/local/cuda-10.0/targets/x86_64-linux/lib/stubs -L/usr/local/cuda-10.0/targets/x86_64-linux/lib -L/usr/lib/gcc/x86_64-linux-gnu/5 -L/usr/lib/gcc/x86_64-linux-gnu/5/../../../x86_64-linux-gnu -L/usr/lib/gcc/x86_64-linux-gnu/5/../../../../lib -L/lib/x86_64-linux-gnu -L/lib/../lib -L/usr/lib/x86_64-linux-gnu -L/usr/lib/../lib -L/usr/lib/gcc/x86_64-linux-gnu/5/../../.. CMakeFiles/cmTC_bf023.dir/CMakeCUDACompilerABI.cu.o CMakeFiles/cmTC_bf023.dir/cmake_device_link.o -lcudadevrt -lcudart_static -lrt -lpthread -ldl -lstdc++ -lm -lgcc_s -lgcc -lc -lgcc_s -lgcc /usr/lib/gcc/x86_64-linux-gnu/5/crtend.o /usr/lib/gcc/x86_64-linux-gnu/5/../../../x86_64-linux-gnu/crtn.o
make[1]: Leaving directory '/home/sourcecodes/SNU_USR_dev/src/snu_module/scripts4/detection_lib/darknet/build_release/CMakeFiles/CheckCUDA/CMakeFiles/CMakeTmp'


Parsed CUDA implicit link information from above output:
  link line regex: [^( *|.*[/\])(ld|CMAKE_LINK_STARTFILE-NOTFOUND|([^/\]+-)?ld|collect2)[^/\]*( |$)]
  ignore line: [Change Dir: /home/sourcecodes/SNU_USR_dev/src/snu_module/scripts4/detection_lib/darknet/build_release/CMakeFiles/CheckCUDA/CMakeFiles/CMakeTmp]
  ignore line: []
  ignore line: [Run Build Command:"/usr/bin/make" "cmTC_bf023/fast"]
  ignore line: [/usr/bin/make -f CMakeFiles/cmTC_bf023.dir/build.make CMakeFiles/cmTC_bf023.dir/build]
  ignore line: [make[1]: Entering directory '/home/sourcecodes/SNU_USR_dev/src/snu_module/scripts4/detection_lib/darknet/build_release/CMakeFiles/CheckCUDA/CMakeFiles/CMakeTmp']
  ignore line: [Building CUDA object CMakeFiles/cmTC_bf023.dir/CMakeCUDACompilerABI.cu.o]
  ignore line: [/usr/local/cuda-10.0/bin/nvcc     -x cu -c /usr/local/share/cmake-3.12/Modules/CMakeCUDACompilerABI.cu -o CMakeFiles/cmTC_bf023.dir/CMakeCUDACompilerABI.cu.o]
  ignore line: [Linking CUDA device code CMakeFiles/cmTC_bf023.dir/cmake_device_link.o]
  ignore line: [/usr/local/bin/cmake -E cmake_link_script CMakeFiles/cmTC_bf023.dir/dlink.txt --verbose=1]
  ignore line: [/usr/local/cuda-10.0/bin/nvcc    -Xcompiler=-fPIC -Wno-deprecated-gpu-targets -shared -dlink CMakeFiles/cmTC_bf023.dir/CMakeCUDACompilerABI.cu.o -o CMakeFiles/cmTC_bf023.dir/cmake_device_link.o ]
  ignore line: [Linking CUDA executable cmTC_bf023]
  ignore line: [/usr/local/bin/cmake -E cmake_link_script CMakeFiles/cmTC_bf023.dir/link.txt --verbose=1]
  ignore line: [/usr/bin/g++  -v CMakeFiles/cmTC_bf023.dir/CMakeCUDACompilerABI.cu.o CMakeFiles/cmTC_bf023.dir/cmake_device_link.o -o cmTC_bf023  -L"/usr/local/cuda-10.0/targets/x86_64-linux/lib/stubs" -L"/usr/local/cuda-10.0/targets/x86_64-linux/lib" -lcudadevrt -lcudart_static -lrt -lpthread -ldl]
  ignore line: [Using built-in specs.]
  ignore line: [COLLECT_GCC=/usr/bin/g++]
  ignore line: [COLLECT_LTO_WRAPPER=/usr/lib/gcc/x86_64-linux-gnu/5/lto-wrapper]
  ignore line: [Target: x86_64-linux-gnu]
  ignore line: [Configured with: ../src/configure -v --with-pkgversion='Ubuntu 5.4.0-6ubuntu1~16.04.12' --with-bugurl=file:///usr/share/doc/gcc-5/README.Bugs --enable-languages=c,ada,c++,java,go,d,fortran,objc,obj-c++ --prefix=/usr --program-suffix=-5 --enable-shared --enable-linker-build-id --libexecdir=/usr/lib --without-included-gettext --enable-threads=posix --libdir=/usr/lib --enable-nls --with-sysroot=/ --enable-clocale=gnu --enable-libstdcxx-debug --enable-libstdcxx-time=yes --with-default-libstdcxx-abi=new --enable-gnu-unique-object --disable-vtable-verify --enable-libmpx --enable-plugin --with-system-zlib --disable-browser-plugin --enable-java-awt=gtk --enable-gtk-cairo --with-java-home=/usr/lib/jvm/java-1.5.0-gcj-5-amd64/jre --enable-java-home --with-jvm-root-dir=/usr/lib/jvm/java-1.5.0-gcj-5-amd64 --with-jvm-jar-dir=/usr/lib/jvm-exports/java-1.5.0-gcj-5-amd64 --with-arch-directory=amd64 --with-ecj-jar=/usr/share/java/eclipse-ecj.jar --enable-objc-gc --enable-multiarch --disable-werror --with-arch-32=i686 --with-abi=m64 --with-multilib-list=m32,m64,mx32 --enable-multilib --with-tune=generic --enable-checking=release --build=x86_64-linux-gnu --host=x86_64-linux-gnu --target=x86_64-linux-gnu]
  ignore line: [Thread model: posix]
  ignore line: [gcc version 5.4.0 20160609 (Ubuntu 5.4.0-6ubuntu1~16.04.12) ]
  ignore line: [COMPILER_PATH=/usr/lib/gcc/x86_64-linux-gnu/5/:/usr/lib/gcc/x86_64-linux-gnu/5/:/usr/lib/gcc/x86_64-linux-gnu/:/usr/lib/gcc/x86_64-linux-gnu/5/:/usr/lib/gcc/x86_64-linux-gnu/]
  ignore line: [LIBRARY_PATH=/usr/lib/gcc/x86_64-linux-gnu/5/:/usr/lib/gcc/x86_64-linux-gnu/5/../../../x86_64-linux-gnu/:/usr/lib/gcc/x86_64-linux-gnu/5/../../../../lib/:/lib/x86_64-linux-gnu/:/lib/../lib/:/usr/lib/x86_64-linux-gnu/:/usr/lib/../lib/:/usr/lib/gcc/x86_64-linux-gnu/5/../../../:/lib/:/usr/lib/]
  ignore line: [COLLECT_GCC_OPTIONS='-v' '-o' 'cmTC_bf023' '-L/usr/local/cuda-10.0/targets/x86_64-linux/lib/stubs' '-L/usr/local/cuda-10.0/targets/x86_64-linux/lib' '-shared-libgcc' '-mtune=generic' '-march=x86-64']
  link line: [ /usr/lib/gcc/x86_64-linux-gnu/5/collect2 -plugin /usr/lib/gcc/x86_64-linux-gnu/5/liblto_plugin.so -plugin-opt=/usr/lib/gcc/x86_64-linux-gnu/5/lto-wrapper -plugin-opt=-fresolution=/tmp/ccsHXgrO.res -plugin-opt=-pass-through=-lgcc_s -plugin-opt=-pass-through=-lgcc -plugin-opt=-pass-through=-lc -plugin-opt=-pass-through=-lgcc_s -plugin-opt=-pass-through=-lgcc --sysroot=/ --build-id --eh-frame-hdr -m elf_x86_64 --hash-style=gnu --as-needed -dynamic-linker /lib64/ld-linux-x86-64.so.2 -z relro -o cmTC_bf023 /usr/lib/gcc/x86_64-linux-gnu/5/../../../x86_64-linux-gnu/crt1.o /usr/lib/gcc/x86_64-linux-gnu/5/../../../x86_64-linux-gnu/crti.o /usr/lib/gcc/x86_64-linux-gnu/5/crtbegin.o -L/usr/local/cuda-10.0/targets/x86_64-linux/lib/stubs -L/usr/local/cuda-10.0/targets/x86_64-linux/lib -L/usr/lib/gcc/x86_64-linux-gnu/5 -L/usr/lib/gcc/x86_64-linux-gnu/5/../../../x86_64-linux-gnu -L/usr/lib/gcc/x86_64-linux-gnu/5/../../../../lib -L/lib/x86_64-linux-gnu -L/lib/../lib -L/usr/lib/x86_64-linux-gnu -L/usr/lib/../lib -L/usr/lib/gcc/x86_64-linux-gnu/5/../../.. CMakeFiles/cmTC_bf023.dir/CMakeCUDACompilerABI.cu.o CMakeFiles/cmTC_bf023.dir/cmake_device_link.o -lcudadevrt -lcudart_static -lrt -lpthread -ldl -lstdc++ -lm -lgcc_s -lgcc -lc -lgcc_s -lgcc /usr/lib/gcc/x86_64-linux-gnu/5/crtend.o /usr/lib/gcc/x86_64-linux-gnu/5/../../../x86_64-linux-gnu/crtn.o]
    arg [/usr/lib/gcc/x86_64-linux-gnu/5/collect2] ==> ignore
    arg [-plugin] ==> ignore
    arg [/usr/lib/gcc/x86_64-linux-gnu/5/liblto_plugin.so] ==> ignore
    arg [-plugin-opt=/usr/lib/gcc/x86_64-linux-gnu/5/lto-wrapper] ==> ignore
    arg [-plugin-opt=-fresolution=/tmp/ccsHXgrO.res] ==> ignore
    arg [-plugin-opt=-pass-through=-lgcc_s] ==> ignore
    arg [-plugin-opt=-pass-through=-lgcc] ==> ignore
    arg [-plugin-opt=-pass-through=-lc] ==> ignore
    arg [-plugin-opt=-pass-through=-lgcc_s] ==> ignore
    arg [-plugin-opt=-pass-through=-lgcc] ==> ignore
    arg [--sysroot=/] ==> ignore
    arg [--build-id] ==> ignore
    arg [--eh-frame-hdr] ==> ignore
    arg [-m] ==> ignore
    arg [elf_x86_64] ==> ignore
    arg [--hash-style=gnu] ==> ignore
    arg [--as-needed] ==> ignore
    arg [-dynamic-linker] ==> ignore
    arg [/lib64/ld-linux-x86-64.so.2] ==> ignore
    arg [-zrelro] ==> ignore
    arg [-o] ==> ignore
    arg [cmTC_bf023] ==> ignore
    arg [/usr/lib/gcc/x86_64-linux-gnu/5/../../../x86_64-linux-gnu/crt1.o] ==> ignore
    arg [/usr/lib/gcc/x86_64-linux-gnu/5/../../../x86_64-linux-gnu/crti.o] ==> ignore
    arg [/usr/lib/gcc/x86_64-linux-gnu/5/crtbegin.o] ==> ignore
    arg [-L/usr/local/cuda-10.0/targets/x86_64-linux/lib/stubs] ==> dir [/usr/local/cuda-10.0/targets/x86_64-linux/lib/stubs]
    arg [-L/usr/local/cuda-10.0/targets/x86_64-linux/lib] ==> dir [/usr/local/cuda-10.0/targets/x86_64-linux/lib]
    arg [-L/usr/lib/gcc/x86_64-linux-gnu/5] ==> dir [/usr/lib/gcc/x86_64-linux-gnu/5]
    arg [-L/usr/lib/gcc/x86_64-linux-gnu/5/../../../x86_64-linux-gnu] ==> dir [/usr/lib/gcc/x86_64-linux-gnu/5/../../../x86_64-linux-gnu]
    arg [-L/usr/lib/gcc/x86_64-linux-gnu/5/../../../../lib] ==> dir [/usr/lib/gcc/x86_64-linux-gnu/5/../../../../lib]
    arg [-L/lib/x86_64-linux-gnu] ==> dir [/lib/x86_64-linux-gnu]
    arg [-L/lib/../lib] ==> dir [/lib/../lib]
    arg [-L/usr/lib/x86_64-linux-gnu] ==> dir [/usr/lib/x86_64-linux-gnu]
    arg [-L/usr/lib/../lib] ==> dir [/usr/lib/../lib]
    arg [-L/usr/lib/gcc/x86_64-linux-gnu/5/../../..] ==> dir [/usr/lib/gcc/x86_64-linux-gnu/5/../../..]
    arg [CMakeFiles/cmTC_bf023.dir/CMakeCUDACompilerABI.cu.o] ==> ignore
    arg [CMakeFiles/cmTC_bf023.dir/cmake_device_link.o] ==> ignore
    arg [-lcudadevrt] ==> lib [cudadevrt]
    arg [-lcudart_static] ==> lib [cudart_static]
    arg [-lrt] ==> lib [rt]
    arg [-lpthread] ==> lib [pthread]
    arg [-ldl] ==> lib [dl]
    arg [-lstdc++] ==> lib [stdc++]
    arg [-lm] ==> lib [m]
    arg [-lgcc_s] ==> lib [gcc_s]
    arg [-lgcc] ==> lib [gcc]
    arg [-lc] ==> lib [c]
    arg [-lgcc_s] ==> lib [gcc_s]
    arg [-lgcc] ==> lib [gcc]
    arg [/usr/lib/gcc/x86_64-linux-gnu/5/crtend.o] ==> ignore
    arg [/usr/lib/gcc/x86_64-linux-gnu/5/../../../x86_64-linux-gnu/crtn.o] ==> ignore
  collapse library dir [/usr/local/cuda-10.0/targets/x86_64-linux/lib/stubs] ==> [/usr/local/cuda-10.0/targets/x86_64-linux/lib/stubs]
  collapse library dir [/usr/local/cuda-10.0/targets/x86_64-linux/lib] ==> [/usr/local/cuda-10.0/targets/x86_64-linux/lib]
  collapse library dir [/usr/lib/gcc/x86_64-linux-gnu/5] ==> [/usr/lib/gcc/x86_64-linux-gnu/5]
  collapse library dir [/usr/lib/gcc/x86_64-linux-gnu/5/../../../x86_64-linux-gnu] ==> [/usr/lib/x86_64-linux-gnu]
  collapse library dir [/usr/lib/gcc/x86_64-linux-gnu/5/../../../../lib] ==> [/usr/lib]
  collapse library dir [/lib/x86_64-linux-gnu] ==> [/lib/x86_64-linux-gnu]
  collapse library dir [/lib/../lib] ==> [/lib]
  collapse library dir [/usr/lib/x86_64-linux-gnu] ==> [/usr/lib/x86_64-linux-gnu]
  collapse library dir [/usr/lib/../lib] ==> [/usr/lib]
  collapse library dir [/usr/lib/gcc/x86_64-linux-gnu/5/../../..] ==> [/usr/lib]
  implicit libs: [cudadevrt;cudart_static;rt;pthread;dl;stdc++;m;gcc_s;gcc;c;gcc_s;gcc]
  implicit dirs: [/usr/local/cuda-10.0/targets/x86_64-linux/lib/stubs;/usr/local/cuda-10.0/targets/x86_64-linux/lib;/usr/lib/gcc/x86_64-linux-gnu/5;/usr/lib/x86_64-linux-gnu;/usr/lib;/lib/x86_64-linux-gnu;/lib]
  implicit fwks: []


