Determining if the pthread_create exist failed with the following output:
Change Dir: /home/sourcecodes/SNU_USR_dev/src/snu_module/scripts4/detection_lib/darknet/build_release/CMakeFiles/CMakeTmp

Run Build Command:"/usr/bin/make" "cmTC_7f472/fast"
/usr/bin/make -f CMakeFiles/cmTC_7f472.dir/build.make CMakeFiles/cmTC_7f472.dir/build
make[1]: Entering directory '/home/sourcecodes/SNU_USR_dev/src/snu_module/scripts4/detection_lib/darknet/build_release/CMakeFiles/CMakeTmp'
Building C object CMakeFiles/cmTC_7f472.dir/CheckSymbolExists.c.o
/usr/bin/cc   -fPIC    -o CMakeFiles/cmTC_7f472.dir/CheckSymbolExists.c.o   -c /home/sourcecodes/SNU_USR_dev/src/snu_module/scripts4/detection_lib/darknet/build_release/CMakeFiles/CMakeTmp/CheckSymbolExists.c
Linking C executable cmTC_7f472
/usr/local/bin/cmake -E cmake_link_script CMakeFiles/cmTC_7f472.dir/link.txt --verbose=1
/usr/bin/cc -fPIC     CMakeFiles/cmTC_7f472.dir/CheckSymbolExists.c.o  -o cmTC_7f472 
CMakeFiles/cmTC_7f472.dir/CheckSymbolExists.c.o: In function `main':
CheckSymbolExists.c:(.text+0x1b): undefined reference to `pthread_create'
collect2: error: ld returned 1 exit status
CMakeFiles/cmTC_7f472.dir/build.make:86: recipe for target 'cmTC_7f472' failed
make[1]: *** [cmTC_7f472] Error 1
make[1]: Leaving directory '/home/sourcecodes/SNU_USR_dev/src/snu_module/scripts4/detection_lib/darknet/build_release/CMakeFiles/CMakeTmp'
Makefile:121: recipe for target 'cmTC_7f472/fast' failed
make: *** [cmTC_7f472/fast] Error 2

File /home/sourcecodes/SNU_USR_dev/src/snu_module/scripts4/detection_lib/darknet/build_release/CMakeFiles/CMakeTmp/CheckSymbolExists.c:
/* */
#include <pthread.h>

int main(int argc, char** argv)
{
  (void)argv;
#ifndef pthread_create
  return ((int*)(&pthread_create))[argc];
#else
  (void)argc;
  return 0;
#endif
}

Determining if the function pthread_create exists in the pthreads failed with the following output:
Change Dir: /home/sourcecodes/SNU_USR_dev/src/snu_module/scripts4/detection_lib/darknet/build_release/CMakeFiles/CMakeTmp

Run Build Command:"/usr/bin/make" "cmTC_6c579/fast"
/usr/bin/make -f CMakeFiles/cmTC_6c579.dir/build.make CMakeFiles/cmTC_6c579.dir/build
make[1]: Entering directory '/home/sourcecodes/SNU_USR_dev/src/snu_module/scripts4/detection_lib/darknet/build_release/CMakeFiles/CMakeTmp'
Building C object CMakeFiles/cmTC_6c579.dir/CheckFunctionExists.c.o
/usr/bin/cc   -fPIC -DCHECK_FUNCTION_EXISTS=pthread_create   -o CMakeFiles/cmTC_6c579.dir/CheckFunctionExists.c.o   -c /usr/local/share/cmake-3.12/Modules/CheckFunctionExists.c
Linking C executable cmTC_6c579
/usr/local/bin/cmake -E cmake_link_script CMakeFiles/cmTC_6c579.dir/link.txt --verbose=1
/usr/bin/cc -fPIC -DCHECK_FUNCTION_EXISTS=pthread_create    CMakeFiles/cmTC_6c579.dir/CheckFunctionExists.c.o  -o cmTC_6c579 -lpthreads 
/usr/bin/ld: cannot find -lpthreads
collect2: error: ld returned 1 exit status
CMakeFiles/cmTC_6c579.dir/build.make:86: recipe for target 'cmTC_6c579' failed
make[1]: *** [cmTC_6c579] Error 1
make[1]: Leaving directory '/home/sourcecodes/SNU_USR_dev/src/snu_module/scripts4/detection_lib/darknet/build_release/CMakeFiles/CMakeTmp'
Makefile:121: recipe for target 'cmTC_6c579/fast' failed
make: *** [cmTC_6c579/fast] Error 2


